androidApp/build/intermediates/manifest_merge_blame_file/debug/manifest-merger-blame-debug-report.txt
1<?xml version="1.0" encoding="utf-8"?>
2<manifest xmlns:android="http://schemas.android.com/apk/res/android"
3    package="com.example.cidemogithubaction.android"
4    android:versionCode="1"
5    android:versionName="2.0" >
6
7    <uses-sdk
8        android:minSdkVersion="21"
8-->src\main\AndroidManifest.xml
9        android:targetSdkVersion="32" />
9-->src\main\AndroidManifest.xml
10
11    <uses-permission android:name="android.permission.INTERNET" />
11-->[com.google.android.gms:play-services-measurement-api:21.2.2] AndroidManifest.xml:22:5-67
11-->[com.google.android.gms:play-services-measurement-api:21.2.2] AndroidManifest.xml:22:22-64
12    <uses-permission android:name="android.permission.ACCESS_NETWORK_STATE" />
12-->[com.google.android.gms:play-services-measurement-api:21.2.2] AndroidManifest.xml:23:5-79
12-->[com.google.android.gms:play-services-measurement-api:21.2.2] AndroidManifest.xml:23:22-76
13    <uses-permission android:name="android.permission.WAKE_LOCK" />
13-->[com.google.android.gms:play-services-measurement-api:21.2.2] AndroidManifest.xml:24:5-68
13-->[com.google.android.gms:play-services-measurement-api:21.2.2] AndroidManifest.xml:24:22-65
14    <uses-permission android:name="com.google.android.gms.permission.AD_ID" />
14-->[com.google.android.gms:play-services-measurement-api:21.2.2] AndroidManifest.xml:25:5-79
14-->[com.google.android.gms:play-services-measurement-api:21.2.2] AndroidManifest.xml:25:22-76
15    <uses-permission android:name="com.google.android.finsky.permission.BIND_GET_INSTALL_REFERRER_SERVICE" />
15-->[com.google.android.gms:play-services-measurement:21.2.2] AndroidManifest.xml:26:5-110
15-->[com.google.android.gms:play-services-measurement:21.2.2] AndroidManifest.xml:26:22-107
16
17    <application
17-->src\main\AndroidManifest.xml:4:5-16:19
18        android:allowBackup="false"
18-->src\main\AndroidManifest.xml:5:9-36
19        android:appComponentFactory="androidx.core.app.CoreComponentFactory"
19-->[androidx.core:core:1.8.0] AndroidManifest.xml:24:18-86
20        android:debuggable="true"
21        android:supportsRtl="true"
21-->src\main\AndroidManifest.xml:6:9-35
22        android:theme="@style/AppTheme" >
22-->src\main\AndroidManifest.xml:7:9-40
23        <activity
23-->src\main\AndroidManifest.xml:8:9-15:20
24            android:name="com.example.cidemogithubaction.android.MainActivity"
24-->src\main\AndroidManifest.xml:9:13-41
25            android:exported="true" >
25-->src\main\AndroidManifest.xml:10:13-36
26            <intent-filter>
26-->src\main\AndroidManifest.xml:11:13-14:29
27                <action android:name="android.intent.action.MAIN" />
27-->src\main\AndroidManifest.xml:12:17-69
27-->src\main\AndroidManifest.xml:12:25-66
28
29                <category android:name="android.intent.category.LAUNCHER" />
29-->src\main\AndroidManifest.xml:13:17-77
29-->src\main\AndroidManifest.xml:13:27-74
30            </intent-filter>
31        </activity>
32
33        <service
33-->[com.google.firebase:firebase-analytics-ktx:21.2.2] AndroidManifest.xml:8:9-14:19
34            android:name="com.google.firebase.components.ComponentDiscoveryService"
34-->[com.google.firebase:firebase-analytics-ktx:21.2.2] AndroidManifest.xml:9:13-84
35            android:directBootAware="true"
35-->[com.google.firebase:firebase-common:20.3.2] AndroidManifest.xml:34:13-43
36            android:exported="false" >
36-->[com.google.firebase:firebase-analytics-ktx:21.2.2] AndroidManifest.xml:10:13-37
37            <meta-data
37-->[com.google.firebase:firebase-analytics-ktx:21.2.2] AndroidManifest.xml:11:13-13:85
38                android:name="com.google.firebase.components:com.google.firebase.analytics.ktx.FirebaseAnalyticsKtxRegistrar"
38-->[com.google.firebase:firebase-analytics-ktx:21.2.2] AndroidManifest.xml:12:17-126
39                android:value="com.google.firebase.components.ComponentRegistrar" />
39-->[com.google.firebase:firebase-analytics-ktx:21.2.2] AndroidManifest.xml:13:17-82
40            <meta-data
40-->[com.google.firebase:firebase-common-ktx:20.3.2] AndroidManifest.xml:14:13-16:85
41                android:name="com.google.firebase.components:com.google.firebase.ktx.FirebaseCommonKtxRegistrar"
41-->[com.google.firebase:firebase-common-ktx:20.3.2] AndroidManifest.xml:15:17-113
42                android:value="com.google.firebase.components.ComponentRegistrar" />
42-->[com.google.firebase:firebase-common-ktx:20.3.2] AndroidManifest.xml:16:17-82
43            <meta-data
43-->[com.google.android.gms:play-services-measurement-api:21.2.2] AndroidManifest.xml:31:13-33:85
44                android:name="com.google.firebase.components:com.google.firebase.analytics.connector.internal.AnalyticsConnectorRegistrar"
44-->[com.google.android.gms:play-services-measurement-api:21.2.2] AndroidManifest.xml:32:17-139
45                android:value="com.google.firebase.components.ComponentRegistrar" />
45-->[com.google.android.gms:play-services-measurement-api:21.2.2] AndroidManifest.xml:33:17-82
46            <meta-data
46-->[com.google.firebase:firebase-installations:17.1.3] AndroidManifest.xml:17:13-19:85
47                android:name="com.google.firebase.components:com.google.firebase.installations.FirebaseInstallationsRegistrar"
47-->[com.google.firebase:firebase-installations:17.1.3] AndroidManifest.xml:18:17-127
48                android:value="com.google.firebase.components.ComponentRegistrar" />
48-->[com.google.firebase:firebase-installations:17.1.3] AndroidManifest.xml:19:17-82
49        </service>
50
51        <activity
51-->[androidx.compose.ui:ui-tooling:1.2.1] AndroidManifest.xml:24:9-26:39
52            android:name="androidx.compose.ui.tooling.PreviewActivity"
52-->[androidx.compose.ui:ui-tooling:1.2.1] AndroidManifest.xml:25:13-71
53            android:exported="true" />
53-->[androidx.compose.ui:ui-tooling:1.2.1] AndroidManifest.xml:26:13-36
54
55        <provider
55-->[com.google.firebase:firebase-common:20.3.2] AndroidManifest.xml:25:9-30:39
56            android:name="com.google.firebase.provider.FirebaseInitProvider"
56-->[com.google.firebase:firebase-common:20.3.2] AndroidManifest.xml:26:13-77
57            android:authorities="com.example.cidemogithubaction.android.firebaseinitprovider"
57-->[com.google.firebase:firebase-common:20.3.2] AndroidManifest.xml:27:13-72
58            android:directBootAware="true"
58-->[com.google.firebase:firebase-common:20.3.2] AndroidManifest.xml:28:13-43
59            android:exported="false"
59-->[com.google.firebase:firebase-common:20.3.2] AndroidManifest.xml:29:13-37
60            android:initOrder="100" />
60-->[com.google.firebase:firebase-common:20.3.2] AndroidManifest.xml:30:13-36
61
62        <receiver
62-->[com.google.android.gms:play-services-measurement:21.2.2] AndroidManifest.xml:29:9-33:20
63            android:name="com.google.android.gms.measurement.AppMeasurementReceiver"
63-->[com.google.android.gms:play-services-measurement:21.2.2] AndroidManifest.xml:30:13-85
64            android:enabled="true"
64-->[com.google.android.gms:play-services-measurement:21.2.2] AndroidManifest.xml:31:13-35
65            android:exported="false" >
65-->[com.google.android.gms:play-services-measurement:21.2.2] AndroidManifest.xml:32:13-37
66        </receiver>
67
68        <service
68-->[com.google.android.gms:play-services-measurement:21.2.2] AndroidManifest.xml:35:9-38:40
69            android:name="com.google.android.gms.measurement.AppMeasurementService"
69-->[com.google.android.gms:play-services-measurement:21.2.2] AndroidManifest.xml:36:13-84
70            android:enabled="true"
70-->[com.google.android.gms:play-services-measurement:21.2.2] AndroidManifest.xml:37:13-35
71            android:exported="false" />
71-->[com.google.android.gms:play-services-measurement:21.2.2] AndroidManifest.xml:38:13-37
72        <service
72-->[com.google.android.gms:play-services-measurement:21.2.2] AndroidManifest.xml:39:9-43:72
73            android:name="com.google.android.gms.measurement.AppMeasurementJobService"
73-->[com.google.android.gms:play-services-measurement:21.2.2] AndroidManifest.xml:40:13-87
74            android:enabled="true"
74-->[com.google.android.gms:play-services-measurement:21.2.2] AndroidManifest.xml:41:13-35
75            android:exported="false"
75-->[com.google.android.gms:play-services-measurement:21.2.2] AndroidManifest.xml:42:13-37
76            android:permission="android.permission.BIND_JOB_SERVICE" />
76-->[com.google.android.gms:play-services-measurement:21.2.2] AndroidManifest.xml:43:13-69
77
78        <meta-data
78-->[com.google.android.gms:play-services-basement:18.1.0] AndroidManifest.xml:21:9-23:69
79            android:name="com.google.android.gms.version"
79-->[com.google.android.gms:play-services-basement:18.1.0] AndroidManifest.xml:22:13-58
80            android:value="@integer/google_play_services_version" />
80-->[com.google.android.gms:play-services-basement:18.1.0] AndroidManifest.xml:23:13-66
81
82        <provider
82-->[androidx.profileinstaller:profileinstaller:1.2.0] AndroidManifest.xml:25:9-33:20
83            android:name="androidx.startup.InitializationProvider"
83-->[androidx.profileinstaller:profileinstaller:1.2.0] AndroidManifest.xml:26:13-67
84            android:authorities="com.example.cidemogithubaction.android.androidx-startup"
84-->[androidx.profileinstaller:profileinstaller:1.2.0] AndroidManifest.xml:27:13-68
85            android:exported="false" >
85-->[androidx.profileinstaller:profileinstaller:1.2.0] AndroidManifest.xml:28:13-37
86            <meta-data
86-->[androidx.profileinstaller:profileinstaller:1.2.0] AndroidManifest.xml:30:13-32:52
87                android:name="androidx.profileinstaller.ProfileInstallerInitializer"
87-->[androidx.profileinstaller:profileinstaller:1.2.0] AndroidManifest.xml:31:17-85
88                android:value="androidx.startup" />
88-->[androidx.profileinstaller:profileinstaller:1.2.0] AndroidManifest.xml:32:17-49
89        </provider>
90
91        <receiver
91-->[androidx.profileinstaller:profileinstaller:1.2.0] AndroidManifest.xml:35:9-47:20
92            android:name="androidx.profileinstaller.ProfileInstallReceiver"
92-->[androidx.profileinstaller:profileinstaller:1.2.0] AndroidManifest.xml:36:13-76
93            android:directBootAware="false"
93-->[androidx.profileinstaller:profileinstaller:1.2.0] AndroidManifest.xml:37:13-44
94            android:enabled="true"
94-->[androidx.profileinstaller:profileinstaller:1.2.0] AndroidManifest.xml:38:13-35
95            android:exported="true"
95-->[androidx.profileinstaller:profileinstaller:1.2.0] AndroidManifest.xml:39:13-36
96            android:permission="android.permission.DUMP" >
96-->[androidx.profileinstaller:profileinstaller:1.2.0] AndroidManifest.xml:40:13-57
97            <intent-filter>
97-->[androidx.profileinstaller:profileinstaller:1.2.0] AndroidManifest.xml:41:13-43:29
98                <action android:name="androidx.profileinstaller.action.INSTALL_PROFILE" />
98-->[androidx.profileinstaller:profileinstaller:1.2.0] AndroidManifest.xml:42:17-91
98-->[androidx.profileinstaller:profileinstaller:1.2.0] AndroidManifest.xml:42:25-88
99            </intent-filter>
100            <intent-filter>
100-->[androidx.profileinstaller:profileinstaller:1.2.0] AndroidManifest.xml:44:13-46:29
101                <action android:name="androidx.profileinstaller.action.SKIP_FILE" />
101-->[androidx.profileinstaller:profileinstaller:1.2.0] AndroidManifest.xml:45:17-85
101-->[androidx.profileinstaller:profileinstaller:1.2.0] AndroidManifest.xml:45:25-82
102            </intent-filter>
103        </receiver>
104    </application>
105
106</manifest>